<?xml version="1.0" encoding="UTF-8"?>
<!-- Generated by org.testng.reporters.JUnitXMLReporter -->
<testsuite ignored="0" hostname="LAPTOP-I3KNG9BL" failures="0" tests="6" name="Surefire test" time="225.645" errors="0" timestamp="2020-07-31T10:06:48 IST">
  <testcase classname="Tests.HomePageTest" name="Test001" time="83.43"/>
  <testcase classname="Tests.HomePageTest" name="Test002" time="37.649"/>
  <testcase classname="Tests.HomePageTest" name="Test003" time="27.152"/>
  <testcase classname="Tests.LinksTest" name="Test004" time="24.397"/>
  <testcase classname="Tests.LinksTest" name="Test005" time="28.249"/>
  <testcase classname="Tests.LinksTest" name="Test006" time="24.708"/>
</testsuite> <!-- Surefire test -->
